\BOOKMARK [1][-]{section*.3}{\376\377\000A\000b\000b\000i\000l\000d\000u\000n\000g\000s\000v\000e\000r\000z\000e\000i\000c\000h\000n\000i\000s}{}% 1
\BOOKMARK [1][-]{section*.4}{\376\377\000T\000a\000b\000e\000l\000l\000e\000n\000v\000e\000r\000z\000e\000i\000c\000h\000n\000i\000s}{}% 2
\BOOKMARK [1][-]{section*.4}{\376\377\000A\000l\000g\000o\000r\000i\000t\000h\000m\000u\000s\000v\000e\000r\000z\000e\000i\000c\000h\000n\000i\000s}{}% 3
\BOOKMARK [1][-]{section*.5}{\376\377\000Q\000u\000e\000l\000l\000c\000o\000d\000e\000v\000e\000r\000z\000e\000i\000c\000h\000n\000i\000s}{}% 4
\BOOKMARK [1][-]{section*.7}{\376\377\000A\000b\000k\000\374\000r\000z\000u\000n\000g\000s\000v\000e\000r\000z\000e\000i\000c\000h\000n\000i\000s}{}% 5
\BOOKMARK [1][-]{section*.8}{\376\377\000S\000y\000m\000b\000o\000l\000v\000e\000r\000z\000e\000i\000c\000h\000n\000i\000s}{}% 6
\BOOKMARK [1][-]{section.1}{\376\377\000H\000i\000n\000w\000e\000i\000s\000e\000\040\000z\000u\000r\000\040\000E\000i\000n\000l\000e\000i\000t\000u\000n\000g}{}% 7
\BOOKMARK [1][-]{section.2}{\376\377\000B\000e\000i\000s\000p\000i\000e\000l\000e}{}% 8
\BOOKMARK [2][-]{subsection.2.1}{\376\377\000B\000e\000i\000s\000p\000i\000e\000l\000e\000\040\000z\000u\000m\000\040\000F\000l\000i\000e\000\337\000t\000e\000x\000t}{section.2}% 9
\BOOKMARK [2][-]{subsection.2.2}{\376\377\000B\000e\000i\000s\000p\000i\000e\000l\000e\000\040\000z\000u\000\040\000A\000b\000b\000i\000l\000d\000u\000n\000g\000e\000n}{section.2}% 10
\BOOKMARK [2][-]{subsection.2.3}{\376\377\000B\000e\000i\000s\000p\000i\000e\000l\000e\000\040\000z\000u\000\040\000T\000a\000b\000e\000l\000l\000e\000n}{section.2}% 11
\BOOKMARK [2][-]{subsection.2.4}{\376\377\000B\000e\000i\000s\000p\000i\000e\000l\000e\000\040\000z\000u\000\040\000m\000a\000t\000h\000e\000m\000a\000t\000i\000s\000c\000h\000e\000n\000\040\000F\000o\000r\000m\000e\000l\000n\000,\000\040\000N\000o\000t\000a\000t\000i\000o\000n\000\040\000u\000n\000d\000\040\000M\000o\000d\000e\000l\000l\000a\000n\000n\000a\000h\000m\000e\000n}{section.2}% 12
\BOOKMARK [2][-]{subsection.2.5}{\376\377\000B\000e\000i\000s\000p\000i\000e\000l\000\040\000z\000u\000\040\000P\000s\000e\000u\000d\000o\000c\000o\000d\000e}{section.2}% 13
\BOOKMARK [2][-]{subsection.2.6}{\376\377\000B\000e\000i\000s\000p\000i\000e\000l\000\040\000z\000u\000\040\000T\000o\000-\000d\000o\000s}{section.2}% 14
\BOOKMARK [2][-]{subsection.2.7}{\376\377\000B\000e\000i\000s\000p\000i\000e\000l\000e\000\040\000z\000u\000\040\000F\000a\000r\000b\000e\000n}{section.2}% 15
\BOOKMARK [2][-]{subsection.2.8}{\376\377\000B\000e\000i\000s\000p\000i\000e\000l\000e\000\040\000z\000u\000\040\000T\000i\000k\000Z}{section.2}% 16
\BOOKMARK [1][-]{section.3}{\376\377\000E\000i\000n\000\040\000n\000e\000u\000e\000s\000\040\000K\000a\000p\000i\000t\000e\000l}{}% 17
\BOOKMARK [1][-]{appendix.A}{\376\377\000\334\000b\000e\000r\000s\000c\000h\000r\000i\000f\000t\000\040\000f\000\374\000r\000\040\000d\000e\000n\000\040\000I\000n\000h\000a\000l\000t\000\040\000d\000e\000s\000\040\000A\000n\000h\000a\000n\000g\000s}{}% 18
\BOOKMARK [1][-]{appendix.B}{\376\377\000P\000y\000t\000h\000o\000n\000-\000C\000o\000d\000e\000\040\000B\000e\000i\000s\000p\000i\000e\000l\000e}{}% 19
\BOOKMARK [1][-]{appendix.C}{\376\377\000C\000o\000d\000e\000-\000B\000e\000i\000s\000p\000i\000e\000l\000e\000\040\000f\000\374\000r\000\040\000w\000e\000i\000t\000e\000r\000e\000\040\000P\000r\000o\000g\000r\000a\000m\000m\000i\000e\000r\000s\000p\000r\000a\000c\000h\000e\000n}{}% 20
